<testsuites id="" name="" tests="3" failures="1" skipped="0" errors="0" time="47.985036">
<testsuite name="allureReport.spec.ts" timestamp="2026-01-25T07:18:36.627Z" hostname="" tests="3" failures="1" skipped="0" time="43.395" errors="0">
<testcase name="URL" classname="allureReport.spec.ts" time="25.915">
<system-out>
<![CDATA[
[[ATTACHMENT|test-results\allureReport-URL\test-finished-1.png]]

[[ATTACHMENT|test-results\allureReport-URL\trace.zip]]
]]>
</system-out>
</testcase>
<testcase name="title" classname="allureReport.spec.ts" time="9.269">
<failure message="allureReport.spec.ts:9:1 title" type="FAILURE">
<![CDATA[  allureReport.spec.ts:9:1 › title ─────────────────────────────────────────────────────────────────

    Error: expect(page).toHaveTitle(expected) failed

    Expected: "Demo Web Shop."
    Received: "Demo Web Shop. Login"
    Timeout:  5000ms

    Call log:
      - Expect "toHaveTitle" with timeout 5000ms
        9 × unexpected value "Demo Web Shop. Login"


       9 | test("title",async({page})=>{
      10 |     await page.goto("https://demowebshop.tricentis.com/login")
    > 11 |     await expect(page).toHaveTitle('Demo Web Shop.')  // Demo Web Shop. Login
         |                        ^
      12 |
      13 | })
      14 |
        at C:\Users\Dhananjay Sarak\All_ts_Playwright\tests\allureReport.spec.ts:11:24

    attachment #1: screenshot (image/png) ──────────────────────────────────────────────────────────
    ..\test-results\allureReport-title\test-failed-1.png
    ────────────────────────────────────────────────────────────────────────────────────────────────

    attachment #2: video (video/webm) ──────────────────────────────────────────────────────────────
    ..\test-results\allureReport-title\video.webm
    ────────────────────────────────────────────────────────────────────────────────────────────────

    Error Context: ..\test-results\allureReport-title\error-context.md

    attachment #4: trace (application/zip) ─────────────────────────────────────────────────────────
    ..\test-results\allureReport-title\trace.zip
    Usage:

        npx playwright show-trace ..\test-results\allureReport-title\trace.zip

    ────────────────────────────────────────────────────────────────────────────────────────────────
]]>
</failure>
<system-out>
<![CDATA[
[[ATTACHMENT|test-results\allureReport-title\test-failed-1.png]]

[[ATTACHMENT|test-results\allureReport-title\video.webm]]

[[ATTACHMENT|test-results\allureReport-title\error-context.md]]

[[ATTACHMENT|test-results\allureReport-title\trace.zip]]
]]>
</system-out>
</testcase>
<testcase name="login" classname="allureReport.spec.ts" time="8.211">
<system-out>
<![CDATA[
[[ATTACHMENT|test-results\allureReport-login\test-finished-1.png]]

[[ATTACHMENT|test-results\allureReport-login\trace.zip]]
]]>
</system-out>
</testcase>
</testsuite>
</testsuites>